[2023-01-22 16:05:56] >> Parsing from https://www.youtube.com/@tseries/videos started
[2023-01-22 16:06:32] >> Parsing from https://www.youtube.com/@tseries/videos started
[2023-01-22 16:12:24] >> Parsing from https://www.youtube.com/@tseries/videos started
[2023-01-22 16:13:39] >> Parsing from https://www.youtube.com/@tseries/videos started
[2023-01-22 16:22:59] >> Parsing from https://www.youtube.com/@tseries/videos started
[2023-01-22 16:31:47] >> Parsing from https://www.youtube.com/@tseries/videos started
[2023-01-22 16:32:41] >> Parsing from https://www.youtube.com/@tseries/videos started
[2023-01-22 16:38:05] >> Parsing from https://www.youtube.com/@tseries/videos started
[2023-01-22 16:46:20] >> Parsing from https://www.youtube.com/@tseries/videos started
[2023-01-22 16:49:51] >> Parsing from https://www.youtube.com/@tseries/videos started
[2023-01-22 16:53:19] >> Parsing from https://www.youtube.com/@tseries/videos started
[2023-01-22 16:57:14] >> Parsing from https://www.youtube.com/@tseries/videos started
[2023-01-22 17:05:04] >> Parsing from https://www.youtube.com/@tseries/videos started
[2023-01-22 17:05:35] >> Parsed 28 videos
[2023-01-22 17:11:14] >> Parsing from https://www.youtube.com/@tseries/videos started
[2023-01-22 17:11:44] >> Parsed 28 videos
[2023-01-22 17:14:37] >> Parsing from https://www.youtube.com/@tseries/videos started
[2023-01-22 17:15:21] >> Parsing from https://www.youtube.com/@tseries/videos started
[2023-01-22 17:16:00] >> Parsing from https://www.youtube.com/@tseries/videos started
[2023-01-22 17:19:03] >> Parsing from https://www.youtube.com/@tseries/videos started
[2023-01-22 17:19:19] >> Parsed 28 videos
[2023-01-22 17:20:52] >> Parsing from https://www.youtube.com/@tseries/videos started
[2023-01-22 17:21:08] >> Parsed 28 videos
[2023-01-22 17:21:13] >> Parsed 58 videos
[2023-01-22 17:21:23] >> Parsed 88 videos
[2023-01-22 17:21:33] >> Parsed 118 videos
[2023-01-22 17:21:43] >> Parsed 148 videos
[2023-01-22 17:21:53] >> Parsed 178 videos
[2023-01-22 17:22:04] >> Parsed 208 videos
[2023-01-22 17:22:13] >> Parsed 238 videos
[2023-01-22 17:27:00] >> Parsing from https://www.youtube.com/@tseries/videos started
[2023-01-22 17:27:11] >> Saving images
[2023-01-22 17:27:17] >> Saved 28 total images
[2023-01-22 17:27:22] >> Saved 58 total images
[2023-01-22 17:27:26] >> Saving images
[2023-01-22 17:27:32] >> Saved 88 total images
[2023-01-22 17:27:35] >> Saving images
[2023-01-22 17:27:40] >> Saved 118 total images
[2023-01-22 17:27:43] >> Saving images
[2023-01-22 17:27:49] >> Saved 148 total images
[2023-01-22 17:27:52] >> Saving images
[2023-01-22 17:27:58] >> Saved 178 total images
[2023-01-22 17:28:01] >> Saving images
[2023-01-22 17:28:07] >> Saved 208 total images
[2023-01-22 17:28:10] >> Saving images
[2023-01-22 17:28:16] >> Saved 238 total images
[2023-01-22 17:28:19] >> Saving images
[2023-01-22 17:28:26] >> Saved 268 total images
[2023-01-22 17:28:29] >> Saving images
[2023-01-22 17:28:37] >> Saved 298 total images
[2023-01-22 17:28:39] >> Saving images
[2023-01-22 17:28:47] >> Saved 328 total images
[2023-01-22 17:28:50] >> Saving images
[2023-01-22 17:28:57] >> Saved 358 total images
[2023-01-22 17:29:00] >> Saving images
[2023-01-22 17:29:07] >> Saved 388 total images
[2023-01-22 17:29:09] >> Saving images
[2023-01-22 17:29:31] >> Parsing from https://www.youtube.com/@tseries/videos started
[2023-01-22 17:29:41] >> Saving images
[2023-01-22 17:29:46] >> Saved 28 total images
[2023-01-22 17:29:46] >> Saving images
[2023-01-22 17:29:51] >> Saved 58 total images
[2023-01-22 17:29:54] >> Saving images
[2023-01-22 17:29:59] >> Saved 88 total images
[2023-01-22 17:30:01] >> Saving images
[2023-01-22 17:30:06] >> Saved 118 total images
[2023-01-22 17:30:09] >> Saving images
[2023-01-22 17:30:14] >> Saved 148 total images
[2023-01-22 17:30:16] >> Saving images
[2023-01-22 17:30:21] >> Saved 178 total images
[2023-01-22 17:41:22] >> Parsing from https://www.youtube.com/@tseries/videos started
[2023-01-22 17:41:33] >> Saving images
[2023-01-22 17:41:39] >> Saved 28 total images
[2023-01-22 17:41:39] >> Saving images
[2023-01-22 17:41:44] >> Saved 58 total images
[2023-01-22 17:41:47] >> Saving images
[2023-01-22 17:41:52] >> Saved 88 total images
[2023-01-22 17:41:55] >> Saving images
[2023-01-22 17:42:00] >> Saved 118 total images
[2023-01-22 17:42:03] >> Saving images
[2023-01-22 17:42:08] >> Saved 148 total images
[2023-01-22 17:43:25] >> Parsing from https://www.youtube.com/@user-uj2ee9rr8k/videos started
[2023-01-22 17:44:27] >> Parsing from https://www.youtube.com/@tseries/videos started
[2023-01-22 17:44:36] >> Saving images
[2023-01-22 17:44:42] >> Saved 28 total images
[2023-01-22 17:44:42] >> Saving images
[2023-01-22 17:44:47] >> Saved 58 total images
[2023-01-22 17:44:50] >> Saving images
[2023-01-22 17:44:55] >> Saved 88 total images
[2023-01-22 17:44:57] >> Saving images
[2023-01-22 17:45:02] >> Saved 118 total images
[2023-01-22 17:45:05] >> Saving images
[2023-01-22 17:45:10] >> Saved 148 total images
[2023-01-22 17:45:12] >> Saving images
[2023-01-22 17:45:18] >> Saved 178 total images
[2023-01-22 17:45:21] >> Saving images
[2023-01-22 17:45:26] >> Saved 208 total images
[2023-01-22 17:45:28] >> Saving images
[2023-01-22 17:45:34] >> Saved 238 total images
[2023-01-22 17:45:37] >> Saving images
[2023-01-22 17:45:43] >> Saved 268 total images
[2023-01-22 17:45:45] >> Saving images
[2023-01-22 17:45:51] >> Saved 298 total images
[2023-01-22 17:45:53] >> Saving images
[2023-01-22 17:45:59] >> Saved 328 total images
[2023-01-22 17:46:01] >> Saving images
[2023-01-22 17:46:07] >> Saved 358 total images
[2023-01-22 17:46:09] >> Saving images
[2023-01-22 17:46:15] >> Saved 388 total images
[2023-01-22 17:46:17] >> Saving images
[2023-01-22 17:46:23] >> Saved 418 total images
[2023-01-22 17:46:25] >> Saving images
[2023-01-22 17:46:32] >> Saved 448 total images
[2023-01-22 17:46:34] >> Saving images
[2023-01-22 17:46:40] >> Saved 478 total images
[2023-01-22 17:46:43] >> Saving images
[2023-01-22 17:46:50] >> Saved 508 total images
[2023-01-22 17:46:52] >> Saving images
[2023-01-22 17:46:59] >> Saved 538 total images
[2023-01-22 17:47:01] >> Saving images
[2023-01-22 17:47:07] >> Saved 568 total images
[2023-01-22 17:47:10] >> Saving images
[2023-01-22 17:47:17] >> Saved 598 total images
[2023-01-22 17:47:19] >> Saving images
[2023-01-22 17:47:25] >> Saved 628 total images
[2023-01-22 17:47:28] >> Saving images
[2023-01-22 17:47:34] >> Saved 658 total images
[2023-01-22 17:47:37] >> Saving images
[2023-01-22 17:47:43] >> Saved 688 total images
[2023-01-22 17:47:46] >> Saving images
[2023-01-22 17:47:53] >> Saved 718 total images
[2023-01-22 17:47:56] >> Saving images
[2023-01-22 17:48:02] >> Saved 748 total images
[2023-01-22 17:48:05] >> Saving images
[2023-01-22 17:48:11] >> Saved 778 total images
[2023-01-22 17:48:14] >> Saving images
[2023-01-22 17:48:21] >> Saved 808 total images
[2023-01-22 17:48:24] >> Saving images
[2023-01-22 17:48:31] >> Saved 838 total images
[2023-01-22 17:48:33] >> Saving images
[2023-01-22 17:48:40] >> Saved 868 total images
[2023-01-22 17:48:42] >> Saving images
[2023-01-22 17:48:49] >> Saved 898 total images
[2023-01-22 17:48:51] >> Saving images
[2023-01-22 17:48:57] >> Saved 928 total images
[2023-01-22 17:49:00] >> Saving images
[2023-01-22 17:49:07] >> Saved 958 total images
[2023-01-22 17:49:10] >> Saving images
[2023-01-22 17:49:17] >> Saved 988 total images
[2023-01-22 17:49:20] >> Saving images
[2023-01-22 17:49:27] >> Saved 1018 total images
[2023-01-22 17:49:29] >> Saving images
[2023-01-22 17:49:36] >> Saved 1048 total images
[2023-01-22 17:49:38] >> Saving images
